<?xml version="1.0" encoding="UTF-8"?>
<testng-results ignored="3" total="6" passed="2" failed="1" skipped="0">
  <reporter-output>
  </reporter-output>
  <suite started-at="2022-05-09T07:51:35 IST" name="Regression Test Suite" finished-at="2022-05-09T07:53:10 IST" duration-ms="95176">
    <groups>
      <group name="One Way Booking Verification">
        <method signature="Bus_Booking_Test.BookTickets(java.lang.String,java.lang.String,java.lang.String,java.lang.String,java.lang.String,java.lang.String)[pri:0, instance:com.tests.Bus_Booking_Test@32502377]" name="BookTickets" class="com.tests.Bus_Booking_Test"/>
      </group> <!-- One Way Booking Verification -->
      <group name="Modification of Source City">
        <method signature="Verify_Bus_Modify_Search_Test.Modify_To_Station_And_Verify_The_OperatorList(java.lang.String,java.lang.String,java.lang.String,java.lang.String,java.lang.String)[pri:0, instance:com.tests.Verify_Bus_Modify_Search_Test@23c30a20]" name="Modify_To_Station_And_Verify_The_OperatorList" class="com.tests.Verify_Bus_Modify_Search_Test"/>
      </group> <!-- Modification of Source City -->
    </groups>
    <test started-at="2022-05-09T07:51:35 IST" name="Regression Tests" finished-at="2022-05-09T07:53:10 IST" duration-ms="95176">
      <class name="com.tests.Bus_Booking_Test">
        <test-method is-config="true" signature="setExtent()[pri:0, instance:com.tests.Bus_Booking_Test@32502377]" started-at="2022-05-09T07:51:34 IST" name="setExtent" finished-at="2022-05-09T07:51:35 IST" duration-ms="225" status="PASS">
          <reporter-output>
          </reporter-output>
        </test-method> <!-- setExtent -->
        <test-method is-config="true" signature="LauchAppliucation(java.lang.String,java.lang.String)[pri:0, instance:com.tests.Bus_Booking_Test@32502377]" started-at="2022-05-09T07:51:36 IST" name="LauchAppliucation" finished-at="2022-05-09T07:51:43 IST" duration-ms="7198" status="PASS">
          <params>
            <param index="0">
              <value>
                <![CDATA[chrome]]>
              </value>
            </param>
            <param index="1">
              <value>
                <![CDATA[https://www.yatra.com]]>
              </value>
            </param>
          </params>
          <reporter-output>
          </reporter-output>
        </test-method> <!-- LauchAppliucation -->
        <test-method signature="BookTickets(java.lang.String,java.lang.String,java.lang.String,java.lang.String,java.lang.String,java.lang.String)[pri:0, instance:com.tests.Bus_Booking_Test@32502377]" started-at="2022-05-09T07:51:43 IST" name="BookTickets" data-provider="Bus_Booking_Details" finished-at="2022-05-09T07:52:02 IST" duration-ms="18846" status="PASS">
          <params>
            <param index="0">
              <value>
                <![CDATA[Hyderabad]]>
              </value>
            </param>
            <param index="1">
              <value>
                <![CDATA[Jammalamadugu]]>
              </value>
            </param>
            <param index="2">
              <value>
                <![CDATA[17/05/2022]]>
              </value>
            </param>
            <param index="3">
              <value>
                <![CDATA[AR And BCVR Travels]]>
              </value>
            </param>
            <param index="4">
              <value>
                <![CDATA[Moosapet]]>
              </value>
            </param>
            <param index="5">
              <value>
                <![CDATA[Jammalamadugu]]>
              </value>
            </param>
          </params>
          <reporter-output>
          </reporter-output>
        </test-method> <!-- BookTickets -->
        <test-method is-config="true" signature="tearDown(org.testng.ITestResult)[pri:0, instance:com.tests.Bus_Booking_Test@32502377]" started-at="2022-05-09T07:52:02 IST" name="tearDown" finished-at="2022-05-09T07:52:03 IST" duration-ms="1278" status="PASS">
          <params>
            <param index="0">
              <value>
                <![CDATA[[TestResult name=BookTickets status=SUCCESS method=Bus_Booking_Test.BookTickets(java.lang.String,java.lang.String,java.lang.String,java.lang.String,java.lang.String,java.lang.String)[pri:0, instance:com.tests.Bus_Booking_Test@32502377] output={null}]]]>
              </value>
            </param>
          </params>
          <reporter-output>
          </reporter-output>
        </test-method> <!-- tearDown -->
        <test-method is-config="true" signature="endReport()[pri:0, instance:com.tests.Bus_Booking_Test@32502377]" started-at="2022-05-09T07:53:09 IST" name="endReport" finished-at="2022-05-09T07:53:10 IST" duration-ms="897" status="PASS">
          <reporter-output>
          </reporter-output>
        </test-method> <!-- endReport -->
      </class> <!-- com.tests.Bus_Booking_Test -->
      <class name="com.tests.Flight_Booking_Test">
        <test-method is-config="true" signature="LauchAppliucation(java.lang.String,java.lang.String)[pri:0, instance:com.tests.Flight_Booking_Test@1e1a0406]" started-at="2022-05-09T07:52:49 IST" name="LauchAppliucation" finished-at="2022-05-09T07:52:57 IST" duration-ms="7246" status="PASS">
          <params>
            <param index="0">
              <value>
                <![CDATA[chrome]]>
              </value>
            </param>
            <param index="1">
              <value>
                <![CDATA[https://www.yatra.com]]>
              </value>
            </param>
          </params>
          <reporter-output>
          </reporter-output>
        </test-method> <!-- LauchAppliucation -->
        <test-method signature="Search_Flights_And_Book_Tickets(java.lang.String,java.lang.String,java.lang.String,java.lang.String,java.lang.String,java.lang.String,java.lang.String,java.lang.String,java.lang.String,java.lang.String)[pri:0, instance:com.tests.Flight_Booking_Test@1e1a0406]" started-at="2022-05-09T07:52:57 IST" name="Search_Flights_And_Book_Tickets" data-provider="Search_Flights" finished-at="2022-05-09T07:53:08 IST" duration-ms="11571" status="FAIL">
          <params>
            <param index="0">
              <value>
                <![CDATA[Hyderabad]]>
              </value>
            </param>
            <param index="1">
              <value>
                <![CDATA[Mumbai]]>
              </value>
            </param>
            <param index="2">
              <value>
                <![CDATA[17/05/2022]]>
              </value>
            </param>
            <param index="3">
              <value>
                <![CDATA[Air India Business]]>
              </value>
            </param>
            <param index="4">
              <value>
                <![CDATA[Airbus A320 Neo]]>
              </value>
            </param>
            <param index="5">
              <value>
                <![CDATA[chandrahasareddy945@gmail.com]]>
              </value>
            </param>
            <param index="6">
              <value>
                <![CDATA[9666870136]]>
              </value>
            </param>
            <param index="7">
              <value>
                <![CDATA[Mr]]>
              </value>
            </param>
            <param index="8">
              <value>
                <![CDATA[Chandrahasa]]>
              </value>
            </param>
            <param index="9">
              <value>
                <![CDATA[Reddy]]>
              </value>
            </param>
          </params>
          <exception class="org.openqa.selenium.NoSuchElementException">
            <message>
              <![CDATA[no such element: Unable to locate element: {"method":"xpath","selector":"//span[text()='More Filters ']"}
  (Session info: chrome=101.0.4951.54)
For documentation on this error, please visit: https://www.seleniumhq.org/exceptions/no_such_element.html
Build info: version: '3.141.59', revision: 'e82be7d358', time: '2018-11-14T08:17:03'
System info: host: 'LAPTOP-E0NT1CNI', ip: '192.168.0.104', os.name: 'Windows 10', os.arch: 'amd64', os.version: '10.0', java.version: '15.0.1'
Driver info: org.openqa.selenium.chrome.ChromeDriver
Capabilities {acceptInsecureCerts: false, browserName: chrome, browserVersion: 101.0.4951.54, chrome: {chromedriverVersion: 101.0.4951.41 (93c720db8323..., userDataDir: C:\Users\BHARAT~1\AppData\L...}, goog:chromeOptions: {debuggerAddress: localhost:62192}, javascriptEnabled: true, networkConnectionEnabled: false, pageLoadStrategy: normal, platform: WINDOWS, platformName: WINDOWS, proxy: Proxy(), setWindowRect: true, strictFileInteractability: false, timeouts: {implicit: 0, pageLoad: 300000, script: 30000}, unhandledPromptBehavior: dismiss and notify, webauthn:extension:credBlob: true, webauthn:extension:largeBlob: true, webauthn:virtualAuthenticators: true}
Session ID: 013e3d744b228f00c5ac5652bdc55c67
*** Element info: {Using=xpath, value=//span[text()='More Filters ']}]]>
            </message>
            <full-stacktrace>
              <![CDATA[org.openqa.selenium.NoSuchElementException: no such element: Unable to locate element: {"method":"xpath","selector":"//span[text()='More Filters ']"}
  (Session info: chrome=101.0.4951.54)
For documentation on this error, please visit: https://www.seleniumhq.org/exceptions/no_such_element.html
Build info: version: '3.141.59', revision: 'e82be7d358', time: '2018-11-14T08:17:03'
System info: host: 'LAPTOP-E0NT1CNI', ip: '192.168.0.104', os.name: 'Windows 10', os.arch: 'amd64', os.version: '10.0', java.version: '15.0.1'
Driver info: org.openqa.selenium.chrome.ChromeDriver
Capabilities {acceptInsecureCerts: false, browserName: chrome, browserVersion: 101.0.4951.54, chrome: {chromedriverVersion: 101.0.4951.41 (93c720db8323..., userDataDir: C:\Users\BHARAT~1\AppData\L...}, goog:chromeOptions: {debuggerAddress: localhost:62192}, javascriptEnabled: true, networkConnectionEnabled: false, pageLoadStrategy: normal, platform: WINDOWS, platformName: WINDOWS, proxy: Proxy(), setWindowRect: true, strictFileInteractability: false, timeouts: {implicit: 0, pageLoad: 300000, script: 30000}, unhandledPromptBehavior: dismiss and notify, webauthn:extension:credBlob: true, webauthn:extension:largeBlob: true, webauthn:virtualAuthenticators: true}
Session ID: 013e3d744b228f00c5ac5652bdc55c67
*** Element info: {Using=xpath, value=//span[text()='More Filters ']}
at java.base/jdk.internal.reflect.NativeConstructorAccessorImpl.newInstance0(Native Method)
at java.base/jdk.internal.reflect.NativeConstructorAccessorImpl.newInstance(NativeConstructorAccessorImpl.java:64)
at java.base/jdk.internal.reflect.DelegatingConstructorAccessorImpl.newInstance(DelegatingConstructorAccessorImpl.java:45)
at java.base/java.lang.reflect.Constructor.newInstanceWithCaller(Constructor.java:500)
at java.base/java.lang.reflect.Constructor.newInstance(Constructor.java:481)
at org.openqa.selenium.remote.http.W3CHttpResponseCodec.createException(W3CHttpResponseCodec.java:187)
at org.openqa.selenium.remote.http.W3CHttpResponseCodec.decode(W3CHttpResponseCodec.java:122)
at org.openqa.selenium.remote.http.W3CHttpResponseCodec.decode(W3CHttpResponseCodec.java:49)
at org.openqa.selenium.remote.HttpCommandExecutor.execute(HttpCommandExecutor.java:158)
at org.openqa.selenium.remote.service.DriverCommandExecutor.execute(DriverCommandExecutor.java:83)
at org.openqa.selenium.remote.RemoteWebDriver.execute(RemoteWebDriver.java:552)
at org.openqa.selenium.remote.RemoteWebDriver.findElement(RemoteWebDriver.java:323)
at org.openqa.selenium.remote.RemoteWebDriver.findElementByXPath(RemoteWebDriver.java:428)
at org.openqa.selenium.By$ByXPath.findElement(By.java:353)
at org.openqa.selenium.remote.RemoteWebDriver.findElement(RemoteWebDriver.java:315)
at com.pages.Available_Flights_Page.Click_On_More_Filters_Button(Available_Flights_Page.java:13)
at com.tests.Flight_Booking_Test.Search_Flights_And_Book_Tickets(Flight_Booking_Test.java:80)
at java.base/jdk.internal.reflect.NativeMethodAccessorImpl.invoke0(Native Method)
at java.base/jdk.internal.reflect.NativeMethodAccessorImpl.invoke(NativeMethodAccessorImpl.java:64)
at java.base/jdk.internal.reflect.DelegatingMethodAccessorImpl.invoke(DelegatingMethodAccessorImpl.java:43)
at java.base/java.lang.reflect.Method.invoke(Method.java:564)
at org.testng.internal.MethodInvocationHelper.invokeMethod(MethodInvocationHelper.java:133)
at org.testng.internal.TestInvoker.invokeMethod(TestInvoker.java:598)
at org.testng.internal.TestInvoker.invokeTestMethod(TestInvoker.java:173)
at org.testng.internal.MethodRunner.runInSequence(MethodRunner.java:46)
at org.testng.internal.TestInvoker$MethodInvocationAgent.invoke(TestInvoker.java:824)
at org.testng.internal.TestInvoker.invokeTestMethods(TestInvoker.java:146)
at org.testng.internal.TestMethodWorker.invokeTestMethods(TestMethodWorker.java:146)
at org.testng.internal.TestMethodWorker.run(TestMethodWorker.java:128)
at java.base/java.util.ArrayList.forEach(ArrayList.java:1511)
at org.testng.TestRunner.privateRun(TestRunner.java:794)
at org.testng.TestRunner.run(TestRunner.java:596)
at org.testng.SuiteRunner.runTest(SuiteRunner.java:377)
at org.testng.SuiteRunner.runSequentially(SuiteRunner.java:371)
at org.testng.SuiteRunner.privateRun(SuiteRunner.java:332)
at org.testng.SuiteRunner.run(SuiteRunner.java:276)
at org.testng.SuiteRunnerWorker.runSuite(SuiteRunnerWorker.java:53)
at org.testng.SuiteRunnerWorker.run(SuiteRunnerWorker.java:96)
at org.testng.TestNG.runSuitesSequentially(TestNG.java:1212)
at org.testng.TestNG.runSuitesLocally(TestNG.java:1134)
at org.testng.TestNG.runSuites(TestNG.java:1063)
at org.testng.TestNG.run(TestNG.java:1031)
at org.testng.remote.AbstractRemoteTestNG.run(AbstractRemoteTestNG.java:115)
at org.testng.remote.RemoteTestNG.initAndRun(RemoteTestNG.java:251)
at org.testng.remote.RemoteTestNG.main(RemoteTestNG.java:77)
]]>
            </full-stacktrace>
          </exception> <!-- org.openqa.selenium.NoSuchElementException -->
          <reporter-output>
          </reporter-output>
        </test-method> <!-- Search_Flights_And_Book_Tickets -->
        <test-method is-config="true" signature="Close_Browser()[pri:0, instance:com.tests.Flight_Booking_Test@1e1a0406]" started-at="2022-05-09T07:53:08 IST" name="Close_Browser" finished-at="2022-05-09T07:53:09 IST" duration-ms="835" status="PASS">
          <reporter-output>
          </reporter-output>
        </test-method> <!-- Close_Browser -->
      </class> <!-- com.tests.Flight_Booking_Test -->
      <class name="com.tests.Verify_Bus_Modify_Search_Test">
        <test-method is-config="true" signature="LauchAppliucation(java.lang.String,java.lang.String)[pri:0, instance:com.tests.Verify_Bus_Modify_Search_Test@23c30a20]" started-at="2022-05-09T07:52:03 IST" name="LauchAppliucation" finished-at="2022-05-09T07:52:14 IST" duration-ms="10584" status="PASS">
          <params>
            <param index="0">
              <value>
                <![CDATA[chrome]]>
              </value>
            </param>
            <param index="1">
              <value>
                <![CDATA[https://www.yatra.com]]>
              </value>
            </param>
          </params>
          <reporter-output>
          </reporter-output>
        </test-method> <!-- LauchAppliucation -->
        <test-method signature="Modify_To_Station_And_Verify_The_OperatorList(java.lang.String,java.lang.String,java.lang.String,java.lang.String,java.lang.String)[pri:0, instance:com.tests.Verify_Bus_Modify_Search_Test@23c30a20]" started-at="2022-05-09T07:52:14 IST" name="Modify_To_Station_And_Verify_The_OperatorList" data-provider="Modify Source City" finished-at="2022-05-09T07:52:49 IST" duration-ms="34717" status="PASS">
          <params>
            <param index="0">
              <value>
                <![CDATA[Hyderabad]]>
              </value>
            </param>
            <param index="1">
              <value>
                <![CDATA[jammalamadugu]]>
              </value>
            </param>
            <param index="2">
              <value>
                <![CDATA[17/05/2022]]>
              </value>
            </param>
            <param index="3">
              <value>
                <![CDATA[Proddutur]]>
              </value>
            </param>
            <param index="4">
              <value>
                <![CDATA[Veera and Sri Kaleswari Travel]]>
              </value>
            </param>
          </params>
          <reporter-output>
          </reporter-output>
        </test-method> <!-- Modify_To_Station_And_Verify_The_OperatorList -->
        <test-method is-config="true" signature="Close_Browser()[pri:0, instance:com.tests.Verify_Bus_Modify_Search_Test@23c30a20]" started-at="2022-05-09T07:52:49 IST" name="Close_Browser" finished-at="2022-05-09T07:52:49 IST" duration-ms="786" status="PASS">
          <reporter-output>
          </reporter-output>
        </test-method> <!-- Close_Browser -->
        <test-method is-config="true" signature="endReport()[pri:0, instance:com.tests.Verify_Bus_Modify_Search_Test@23c30a20]" started-at="2022-05-09T07:53:10 IST" name="endReport" finished-at="2022-05-09T07:53:10 IST" duration-ms="3" status="PASS">
          <reporter-output>
          </reporter-output>
        </test-method> <!-- endReport -->
      </class> <!-- com.tests.Verify_Bus_Modify_Search_Test -->
    </test> <!-- Regression Tests -->
  </suite> <!-- Regression Test Suite -->
</testng-results>
